Determining if the pthread_create exist failed with the following output:
Change Dir: /home/raul/ivpt-git/sensor/build/CMakeFiles/CMakeTmp

Run Build Command:/usr/bin/make "cmTryCompileExec1104207115/fast"
/usr/bin/make -f CMakeFiles/cmTryCompileExec1104207115.dir/build.make CMakeFiles/cmTryCompileExec1104207115.dir/build
make[1]: Entering directory `/home/raul/ivpt-git/sensor/build/CMakeFiles/CMakeTmp'
/usr/bin/cmake -E cmake_progress_report /home/raul/ivpt-git/sensor/build/CMakeFiles/CMakeTmp/CMakeFiles 1
Building C object CMakeFiles/cmTryCompileExec1104207115.dir/CheckSymbolExists.c.o
/usr/bin/cc    -o CMakeFiles/cmTryCompileExec1104207115.dir/CheckSymbolExists.c.o   -c /home/raul/ivpt-git/sensor/build/CMakeFiles/CMakeTmp/CheckSymbolExists.c
Linking C executable cmTryCompileExec1104207115
/usr/bin/cmake -E cmake_link_script CMakeFiles/cmTryCompileExec1104207115.dir/link.txt --verbose=1
/usr/bin/cc       CMakeFiles/cmTryCompileExec1104207115.dir/CheckSymbolExists.c.o  -o cmTryCompileExec1104207115 -rdynamic 
CMakeFiles/cmTryCompileExec1104207115.dir/CheckSymbolExists.c.o: In function `main':
CheckSymbolExists.c:(.text+0x16): undefined reference to `pthread_create'
collect2: error: ld returned 1 exit status
make[1]: *** [cmTryCompileExec1104207115] Error 1
make[1]: Leaving directory `/home/raul/ivpt-git/sensor/build/CMakeFiles/CMakeTmp'
make: *** [cmTryCompileExec1104207115/fast] Error 2

File /home/raul/ivpt-git/sensor/build/CMakeFiles/CMakeTmp/CheckSymbolExists.c:
/* */
#include <pthread.h>

int main(int argc, char** argv)
{
  (void)argv;
#ifndef pthread_create
  return ((int*)(&pthread_create))[argc];
#else
  (void)argc;
  return 0;
#endif
}

Determining if the function pthread_create exists in the pthreads failed with the following output:
Change Dir: /home/raul/ivpt-git/sensor/build/CMakeFiles/CMakeTmp

Run Build Command:/usr/bin/make "cmTryCompileExec2906936215/fast"
/usr/bin/make -f CMakeFiles/cmTryCompileExec2906936215.dir/build.make CMakeFiles/cmTryCompileExec2906936215.dir/build
make[1]: Entering directory `/home/raul/ivpt-git/sensor/build/CMakeFiles/CMakeTmp'
/usr/bin/cmake -E cmake_progress_report /home/raul/ivpt-git/sensor/build/CMakeFiles/CMakeTmp/CMakeFiles 1
Building C object CMakeFiles/cmTryCompileExec2906936215.dir/CheckFunctionExists.c.o
/usr/bin/cc   -DCHECK_FUNCTION_EXISTS=pthread_create   -o CMakeFiles/cmTryCompileExec2906936215.dir/CheckFunctionExists.c.o   -c /usr/share/cmake-2.8/Modules/CheckFunctionExists.c
Linking C executable cmTryCompileExec2906936215
/usr/bin/cmake -E cmake_link_script CMakeFiles/cmTryCompileExec2906936215.dir/link.txt --verbose=1
/usr/bin/cc   -DCHECK_FUNCTION_EXISTS=pthread_create    CMakeFiles/cmTryCompileExec2906936215.dir/CheckFunctionExists.c.o  -o cmTryCompileExec2906936215 -rdynamic -lpthreads 
/usr/bin/ld: cannot find -lpthreads
collect2: error: ld returned 1 exit status
make[1]: *** [cmTryCompileExec2906936215] Error 1
make[1]: Leaving directory `/home/raul/ivpt-git/sensor/build/CMakeFiles/CMakeTmp'
make: *** [cmTryCompileExec2906936215/fast] Error 2


